SecondLab/app/build/intermediates/manifest_merge_blame_file/debug/manifest-merger-blame-debug-report.txt
1<?xml version="1.0" encoding="utf-8"?>
2<manifest xmlns:android="http://schemas.android.com/apk/res/android"
3    package="com.example.secondlab"
4    android:versionCode="1"
5    android:versionName="1.0" >
6
7    <uses-sdk
8        android:minSdkVersion="21"
8-->src/main/AndroidManifest.xml
9        android:targetSdkVersion="31" />
9-->src/main/AndroidManifest.xml
10
11    <application
11-->src/main/AndroidManifest.xml:5:5-23:19
12        android:allowBackup="true"
12-->src/main/AndroidManifest.xml:6:9-35
13        android:appComponentFactory="androidx.core.app.CoreComponentFactory"
13-->[androidx.core:core:1.3.1] AndroidManifest.xml:24:18-86
14        android:debuggable="true"
15        android:icon="@mipmap/ic_launcher"
15-->src/main/AndroidManifest.xml:7:9-43
16        android:roundIcon="@mipmap/ic_launcher_round"
16-->src/main/AndroidManifest.xml:8:9-54
17        android:supportsRtl="true"
17-->src/main/AndroidManifest.xml:9:9-35
18        android:testOnly="true"
19        android:theme="@style/Theme.SecondLab" >
19-->src/main/AndroidManifest.xml:10:9-47
20        <activity
20-->src/main/AndroidManifest.xml:11:9-13:39
21            android:name="com.example.secondlab.EditAddActivity"
21-->src/main/AndroidManifest.xml:12:13-44
22            android:exported="true" />
22-->src/main/AndroidManifest.xml:13:13-36
23        <activity
23-->src/main/AndroidManifest.xml:14:9-22:20
24            android:name="com.example.secondlab.MainActivity"
24-->src/main/AndroidManifest.xml:15:13-41
25            android:exported="true" >
25-->src/main/AndroidManifest.xml:16:13-36
26            <intent-filter>
26-->src/main/AndroidManifest.xml:17:13-21:29
27                <action android:name="android.intent.action.MAIN" />
27-->src/main/AndroidManifest.xml:18:17-69
27-->src/main/AndroidManifest.xml:18:25-66
28
29                <category android:name="android.intent.category.LAUNCHER" />
29-->src/main/AndroidManifest.xml:20:17-77
29-->src/main/AndroidManifest.xml:20:27-74
30            </intent-filter>
31        </activity>
32    </application>
33
34</manifest>